mode: set
github.com/falcon-autotuning/instrument-server/runtime/internal/instrumentserver/client.go:48.2,50.1 1 1
github.com/falcon-autotuning/instrument-server/runtime/internal/instrumentserver/client.go:55.2,56.1 1 1
github.com/falcon-autotuning/instrument-server/runtime/internal/instrumentserver/client.go:60.2,60.16 1 1
github.com/falcon-autotuning/instrument-server/runtime/internal/instrumentserver/client.go:61.3,62.1 1 1
github.com/falcon-autotuning/instrument-server/runtime/internal/instrumentserver/client.go:63.2,63.15 1 1
github.com/falcon-autotuning/instrument-server/runtime/internal/instrumentserver/client.go:64.3,65.1 1 1
github.com/falcon-autotuning/instrument-server/runtime/internal/instrumentserver/client.go:66.2,66.26 1 1
github.com/falcon-autotuning/instrument-server/runtime/internal/instrumentserver/client.go:67.3,68.1 1 1
github.com/falcon-autotuning/instrument-server/runtime/internal/instrumentserver/client.go:70.2,74.1 3 1
github.com/falcon-autotuning/instrument-server/runtime/internal/instrumentserver/client.go:76.2,80.16 3 1
github.com/falcon-autotuning/instrument-server/runtime/internal/instrumentserver/client.go:81.3,83.1 2 0
github.com/falcon-autotuning/instrument-server/runtime/internal/instrumentserver/client.go:84.2,86.10 3 1
github.com/falcon-autotuning/instrument-server/runtime/internal/instrumentserver/client.go:91.2,91.19 1 1
github.com/falcon-autotuning/instrument-server/runtime/internal/instrumentserver/client.go:92.3,93.1 1 0
github.com/falcon-autotuning/instrument-server/runtime/internal/instrumentserver/client.go:94.2,94.23 1 1
github.com/falcon-autotuning/instrument-server/runtime/internal/instrumentserver/client.go:98.2,98.22 1 1
github.com/falcon-autotuning/instrument-server/runtime/internal/instrumentserver/client.go:99.3,100.1 1 1
github.com/falcon-autotuning/instrument-server/runtime/internal/instrumentserver/client.go:101.2,101.21 1 1
github.com/falcon-autotuning/instrument-server/runtime/internal/instrumentserver/client.go:102.3,103.1 1 1
github.com/falcon-autotuning/instrument-server/runtime/internal/instrumentserver/client.go:104.2,104.18 1 1
github.com/falcon-autotuning/instrument-server/runtime/internal/instrumentserver/client.go:105.3,106.1 1 0
github.com/falcon-autotuning/instrument-server/runtime/internal/instrumentserver/client.go:107.2,108.25 2 1
github.com/falcon-autotuning/instrument-server/runtime/internal/instrumentserver/client.go:112.2,112.17 1 1
github.com/falcon-autotuning/instrument-server/runtime/internal/instrumentserver/client.go:113.3,114.1 1 1
github.com/falcon-autotuning/instrument-server/runtime/internal/instrumentserver/client.go:115.2,115.18 1 1
github.com/falcon-autotuning/instrument-server/runtime/internal/instrumentserver/client.go:116.3,117.1 1 1
github.com/falcon-autotuning/instrument-server/runtime/internal/instrumentserver/client.go:118.2,118.66 1 1
github.com/falcon-autotuning/instrument-server/runtime/internal/instrumentserver/client.go:119.3,120.1 1 1
github.com/falcon-autotuning/instrument-server/runtime/internal/instrumentserver/client.go:121.2,121.29 1 1
github.com/falcon-autotuning/instrument-server/runtime/internal/instrumentserver/client.go:122.3,123.1 1 1
github.com/falcon-autotuning/instrument-server/runtime/internal/instrumentserver/client.go:124.2,124.41 1 1
github.com/falcon-autotuning/instrument-server/runtime/internal/instrumentserver/client.go:128.2,129.16 2 1
github.com/falcon-autotuning/instrument-server/runtime/internal/instrumentserver/client.go:130.3,131.1 1 0
github.com/falcon-autotuning/instrument-server/runtime/internal/instrumentserver/client.go:132.2,133.1 2 1
github.com/falcon-autotuning/instrument-server/runtime/internal/instrumentserver/client.go:134.2,134.16 2 1
github.com/falcon-autotuning/instrument-server/runtime/internal/instrumentserver/client.go:138.2,139.16 2 1
github.com/falcon-autotuning/instrument-server/runtime/internal/instrumentserver/client.go:140.3,142.1 2 0
github.com/falcon-autotuning/instrument-server/runtime/internal/instrumentserver/client.go:143.2,144.1 2 1
github.com/falcon-autotuning/instrument-server/runtime/internal/instrumentserver/client.go:145.2,145.16 2 1
github.com/falcon-autotuning/instrument-server/runtime/internal/instrumentserver/client.go:150.2,150.97 1 1
github.com/falcon-autotuning/instrument-server/runtime/internal/instrumentserver/client.go:151.3,155.17 2 1
github.com/falcon-autotuning/instrument-server/runtime/internal/instrumentserver/client.go:156.4,157.1 1 0
github.com/falcon-autotuning/instrument-server/runtime/internal/instrumentserver/client.go:159.3,159.67 1 1
github.com/falcon-autotuning/instrument-server/runtime/internal/instrumentserver/client.go:160.4,161.1 1 0
github.com/falcon-autotuning/instrument-server/runtime/internal/instrumentserver/client.go:163.3,163.62 1 1
github.com/falcon-autotuning/instrument-server/runtime/internal/instrumentserver/client.go:169.2,169.80 1 1
github.com/falcon-autotuning/instrument-server/runtime/internal/instrumentserver/client.go:170.3,178.17 2 1
github.com/falcon-autotuning/instrument-server/runtime/internal/instrumentserver/client.go:179.4,180.1 1 0
github.com/falcon-autotuning/instrument-server/runtime/internal/instrumentserver/client.go:181.3,181.51 1 1
github.com/falcon-autotuning/instrument-server/runtime/internal/instrumentserver/client.go:187.2,187.80 1 1
github.com/falcon-autotuning/instrument-server/runtime/internal/instrumentserver/client.go:188.3,194.17 2 1
github.com/falcon-autotuning/instrument-server/runtime/internal/instrumentserver/client.go:195.4,196.1 1 0
github.com/falcon-autotuning/instrument-server/runtime/internal/instrumentserver/client.go:197.3,197.51 1 1
github.com/falcon-autotuning/instrument-server/runtime/internal/instrumentserver/client.go:203.2,203.80 1 1
github.com/falcon-autotuning/instrument-server/runtime/internal/instrumentserver/client.go:204.3,208.17 2 1
github.com/falcon-autotuning/instrument-server/runtime/internal/instrumentserver/client.go:209.4,210.1 1 0
github.com/falcon-autotuning/instrument-server/runtime/internal/instrumentserver/client.go:211.3,211.29 1 1
github.com/falcon-autotuning/instrument-server/runtime/internal/instrumentserver/client.go:216.2,216.93 1 1
github.com/falcon-autotuning/instrument-server/runtime/internal/instrumentserver/client.go:217.3,221.17 2 1
github.com/falcon-autotuning/instrument-server/runtime/internal/instrumentserver/client.go:222.4,223.1 1 1
github.com/falcon-autotuning/instrument-server/runtime/internal/instrumentserver/client.go:225.3,225.65 1 1
github.com/falcon-autotuning/instrument-server/runtime/internal/instrumentserver/client.go:230.2,230.80 1 1
github.com/falcon-autotuning/instrument-server/runtime/internal/instrumentserver/client.go:231.3,235.17 2 1
github.com/falcon-autotuning/instrument-server/runtime/internal/instrumentserver/client.go:236.4,237.1 1 0
github.com/falcon-autotuning/instrument-server/runtime/internal/instrumentserver/client.go:239.3,239.51 1 1
github.com/falcon-autotuning/instrument-server/runtime/internal/instrumentserver/client.go:246.2,246.94 1 1
github.com/falcon-autotuning/instrument-server/runtime/internal/instrumentserver/client.go:247.3,248.17 2 1
github.com/falcon-autotuning/instrument-server/runtime/internal/instrumentserver/client.go:249.4,250.1 1 0
github.com/falcon-autotuning/instrument-server/runtime/internal/instrumentserver/client.go:251.3,251.75 1 1
github.com/falcon-autotuning/instrument-server/runtime/internal/instrumentserver/client.go:256.2,256.107 1 1
github.com/falcon-autotuning/instrument-server/runtime/internal/instrumentserver/client.go:257.3,262.1 2 1
github.com/falcon-autotuning/instrument-server/runtime/internal/instrumentserver/client.go:266.2,266.123 1 1
github.com/falcon-autotuning/instrument-server/runtime/internal/instrumentserver/client.go:267.3,271.1 1 1
github.com/falcon-autotuning/instrument-server/runtime/internal/instrumentserver/client.go:352.2,352.24 1 1
github.com/falcon-autotuning/instrument-server/runtime/internal/instrumentserver/client.go:354.3,354.58 1 1
github.com/falcon-autotuning/instrument-server/runtime/internal/instrumentserver/client.go:357.3,357.52 1 1
github.com/falcon-autotuning/instrument-server/runtime/internal/instrumentserver/client.go:360.3,360.53 1 1
github.com/falcon-autotuning/instrument-server/runtime/internal/instrumentserver/client.go:363.3,363.51 1 1
github.com/falcon-autotuning/instrument-server/runtime/internal/instrumentserver/client.go:366.3,366.53 1 1
github.com/falcon-autotuning/instrument-server/runtime/internal/instrumentserver/client.go:369.3,369.58 1 1
github.com/falcon-autotuning/instrument-server/runtime/internal/instrumentserver/client.go:372.3,372.57 1 1
github.com/falcon-autotuning/instrument-server/runtime/internal/instrumentserver/client.go:375.3,375.58 1 1
github.com/falcon-autotuning/instrument-server/runtime/internal/instrumentserver/client.go:378.3,378.59 1 1
github.com/falcon-autotuning/instrument-server/runtime/internal/instrumentserver/client.go:381.3,381.57 1 1
github.com/falcon-autotuning/instrument-server/runtime/internal/instrumentserver/client.go:384.3,384.59 1 1
github.com/falcon-autotuning/instrument-server/runtime/internal/instrumentserver/client.go:387.3,387.64 1 1
github.com/falcon-autotuning/instrument-server/runtime/internal/instrumentserver/client.go:390.3,390.63 1 1
github.com/falcon-autotuning/instrument-server/runtime/internal/instrumentserver/client.go:397.3,400.5 1 0
github.com/falcon-autotuning/instrument-server/runtime/internal/instrumentserver/client.go:405.2,405.33 1 1
github.com/falcon-autotuning/instrument-server/runtime/internal/instrumentserver/client.go:407.3,407.89 1 1
github.com/falcon-autotuning/instrument-server/runtime/internal/instrumentserver/client.go:409.3,409.88 1 1
github.com/falcon-autotuning/instrument-server/runtime/internal/instrumentserver/client.go:411.3,411.89 1 1
github.com/falcon-autotuning/instrument-server/runtime/internal/instrumentserver/client.go:413.3,413.89 1 1
github.com/falcon-autotuning/instrument-server/runtime/internal/instrumentserver/client.go:415.3,415.89 1 1
github.com/falcon-autotuning/instrument-server/runtime/internal/instrumentserver/client.go:417.3,417.89 1 1
github.com/falcon-autotuning/instrument-server/runtime/internal/instrumentserver/client.go:419.3,419.82 1 1
github.com/falcon-autotuning/instrument-server/runtime/internal/instrumentserver/client.go:421.3,421.89 1 1
github.com/falcon-autotuning/instrument-server/runtime/internal/instrumentserver/client.go:423.3,423.89 1 1
github.com/falcon-autotuning/instrument-server/runtime/internal/instrumentserver/client.go:425.3,425.89 1 1
github.com/falcon-autotuning/instrument-server/runtime/internal/instrumentserver/client.go:427.3,427.89 1 1
github.com/falcon-autotuning/instrument-server/runtime/internal/instrumentserver/client.go:429.3,430.23 2 1
github.com/falcon-autotuning/instrument-server/runtime/internal/instrumentserver/client.go:431.4,432.1 1 1
github.com/falcon-autotuning/instrument-server/runtime/internal/instrumentserver/client.go:433.3,433.89 1 1
github.com/falcon-autotuning/instrument-server/runtime/internal/instrumentserver/client.go:435.3,435.91 1 1
github.com/falcon-autotuning/instrument-server/runtime/internal/instrumentserver/client.go:437.3,437.82 1 1
github.com/falcon-autotuning/instrument-server/runtime/internal/instrumentserver/client.go:439.3,439.82 1 1
github.com/falcon-autotuning/instrument-server/runtime/internal/instrumentserver/client.go:441.3,442.30 2 1
github.com/falcon-autotuning/instrument-server/runtime/internal/instrumentserver/client.go:443.4,444.1 1 1
github.com/falcon-autotuning/instrument-server/runtime/internal/instrumentserver/client.go:445.3,445.123 1 1
github.com/falcon-autotuning/instrument-server/runtime/internal/instrumentserver/client.go:447.3,447.147 1 1
github.com/falcon-autotuning/instrument-server/runtime/internal/instrumentserver/client.go:449.3,449.146 1 1
github.com/falcon-autotuning/instrument-server/runtime/internal/instrumentserver/client.go:451.3,451.142 1 1
github.com/falcon-autotuning/instrument-server/runtime/internal/instrumentserver/client.go:453.3,453.152 1 0
github.com/falcon-autotuning/instrument-server/runtime/internal/instrumentserver/client.go:455.3,455.151 1 0
github.com/falcon-autotuning/instrument-server/runtime/internal/instrumentserver/client.go:457.3,457.57 1 1
github.com/falcon-autotuning/instrument-server/runtime/internal/instrumentserver/client.go:462.2,462.18 1 1
github.com/falcon-autotuning/instrument-server/runtime/internal/instrumentserver/client.go:463.3,464.1 1 0
github.com/falcon-autotuning/instrument-server/runtime/internal/instrumentserver/client.go:466.2,466.38 1 1
github.com/falcon-autotuning/instrument-server/runtime/internal/instrumentserver/client.go:468.3,468.35 1 1
github.com/falcon-autotuning/instrument-server/runtime/internal/instrumentserver/client.go:471.3,471.35 1 1
github.com/falcon-autotuning/instrument-server/runtime/internal/instrumentserver/client.go:474.3,474.42 1 1
github.com/falcon-autotuning/instrument-server/runtime/internal/instrumentserver/client.go:477.3,477.35 1 1
github.com/falcon-autotuning/instrument-server/runtime/internal/instrumentserver/client.go:480.3,480.35 1 1
github.com/falcon-autotuning/instrument-server/runtime/internal/instrumentserver/client.go:483.3,485.1 1 1
github.com/falcon-autotuning/instrument-server/runtime/internal/instrumentserver/client.go:488.3,490.1 1 1
github.com/falcon-autotuning/instrument-server/runtime/internal/instrumentserver/client.go:493.3,495.1 1 1
github.com/falcon-autotuning/instrument-server/runtime/internal/instrumentserver/client.go:498.3,500.1 1 1
github.com/falcon-autotuning/instrument-server/runtime/internal/instrumentserver/client.go:503.3,505.1 1 0
github.com/falcon-autotuning/instrument-server/runtime/internal/instrumentserver/client.go:508.3,510.1 1 0
github.com/falcon-autotuning/instrument-server/runtime/internal/instrumentserver/client.go:513.3,516.5 1 0
github.com/falcon-autotuning/instrument-server/runtime/internal/instrumentserver/client.go:521.2,527.1 3 1
github.com/falcon-autotuning/instrument-server/runtime/internal/instrumentserver/client.go:528.2,529.37 3 1
github.com/falcon-autotuning/instrument-server/runtime/internal/instrumentserver/client.go:530.3,531.17 2 1
github.com/falcon-autotuning/instrument-server/runtime/internal/instrumentserver/client.go:532.4,533.1 1 0
github.com/falcon-autotuning/instrument-server/runtime/internal/instrumentserver/client.go:534.3,538.5 2 1
github.com/falcon-autotuning/instrument-server/runtime/internal/instrumentserver/client.go:540.2,541.17 2 1
github.com/falcon-autotuning/instrument-server/runtime/internal/instrumentserver/client.go:545.2,546.6 2 1
github.com/falcon-autotuning/instrument-server/runtime/internal/instrumentserver/client.go:547.3,547.33 1 1
github.com/falcon-autotuning/instrument-server/runtime/internal/instrumentserver/client.go:548.4,549.1 1 0
github.com/falcon-autotuning/instrument-server/runtime/internal/instrumentserver/client.go:550.3,551.17 2 1
github.com/falcon-autotuning/instrument-server/runtime/internal/instrumentserver/client.go:552.4,553.1 1 0
github.com/falcon-autotuning/instrument-server/runtime/internal/instrumentserver/client.go:555.3,555.17 1 1
github.com/falcon-autotuning/instrument-server/runtime/internal/instrumentserver/client.go:557.4,557.43 1 1
github.com/falcon-autotuning/instrument-server/runtime/internal/instrumentserver/client.go:561.4,561.93 1 1
github.com/falcon-autotuning/instrument-server/runtime/internal/instrumentserver/client.go:563.4,563.35 1 1
github.com/falcon-autotuning/instrument-server/runtime/internal/instrumentserver/client.go:569.2,570.15 2 1
github.com/falcon-autotuning/instrument-server/runtime/internal/instrumentserver/client.go:571.3,572.1 1 1
github.com/falcon-autotuning/instrument-server/runtime/internal/instrumentserver/client.go:573.2,573.32 1 1
github.com/falcon-autotuning/instrument-server/runtime/internal/instrumentserver/client.go:577.2,578.40 2 1
github.com/falcon-autotuning/instrument-server/runtime/internal/instrumentserver/client.go:579.3,581.32 3 1
github.com/falcon-autotuning/instrument-server/runtime/internal/instrumentserver/client.go:582.4,583.1 3 1
github.com/falcon-autotuning/instrument-server/runtime/internal/instrumentserver/client.go:584.4,587.1 3 1
github.com/falcon-autotuning/instrument-server/runtime/internal/instrumentserver/client.go:589.4,595.1 3 1
github.com/falcon-autotuning/instrument-server/runtime/internal/instrumentserver/client.go:597.3,604.5 1 1
github.com/falcon-autotuning/instrument-server/runtime/internal/instrumentserver/client.go:606.2,606.16 1 1
github.com/falcon-autotuning/instrument-server/runtime/internal/instrumentserver/client.go:618.2,619.17 2 1
github.com/falcon-autotuning/instrument-server/runtime/internal/instrumentserver/client.go:620.3,621.1 1 1
github.com/falcon-autotuning/instrument-server/runtime/internal/instrumentserver/client.go:623.2,624.32 2 1
github.com/falcon-autotuning/instrument-server/runtime/internal/instrumentserver/client.go:625.3,626.1 1 0
github.com/falcon-autotuning/instrument-server/runtime/internal/instrumentserver/client.go:628.2,628.45 1 1
github.com/falcon-autotuning/instrument-server/runtime/internal/instrumentserver/client.go:637.2,638.1 2 1
github.com/falcon-autotuning/instrument-server/runtime/internal/instrumentserver/client.go:639.2,639.16 2 1
github.com/falcon-autotuning/instrument-server/runtime/internal/instrumentserver/client.go:640.3,641.1 1 1
github.com/falcon-autotuning/instrument-server/runtime/internal/instrumentserver/client.go:643.2,643.55 1 1
github.com/falcon-autotuning/instrument-server/runtime/internal/instrumentserver/client.go:648.2,651.16 4 1
github.com/falcon-autotuning/instrument-server/runtime/internal/instrumentserver/client.go:652.3,653.1 1 0
github.com/falcon-autotuning/instrument-server/runtime/internal/instrumentserver/client.go:654.2,655.16 2 1
github.com/falcon-autotuning/instrument-server/runtime/internal/instrumentserver/client.go:656.3,657.1 1 0
github.com/falcon-autotuning/instrument-server/runtime/internal/instrumentserver/client.go:659.2,660.16 2 1
github.com/falcon-autotuning/instrument-server/runtime/internal/instrumentserver/client.go:661.3,662.1 1 1
github.com/falcon-autotuning/instrument-server/runtime/internal/instrumentserver/client.go:663.2,663.51 1 1
