mode: set
github.com/falcon-autotuning/instrument-server/runtime/internal/config/loader.go:35.2,36.16 2 1
github.com/falcon-autotuning/instrument-server/runtime/internal/config/loader.go:37.3,38.1 1 0
github.com/falcon-autotuning/instrument-server/runtime/internal/config/loader.go:40.2,41.16 2 1
github.com/falcon-autotuning/instrument-server/runtime/internal/config/loader.go:42.3,43.1 1 0
github.com/falcon-autotuning/instrument-server/runtime/internal/config/loader.go:45.2,45.16 1 1
github.com/falcon-autotuning/instrument-server/runtime/internal/config/loader.go:55.2,56.16 2 1
github.com/falcon-autotuning/instrument-server/runtime/internal/config/loader.go:57.3,58.1 1 0
github.com/falcon-autotuning/instrument-server/runtime/internal/config/loader.go:60.2,61.55 2 1
github.com/falcon-autotuning/instrument-server/runtime/internal/config/loader.go:62.3,63.1 1 0
github.com/falcon-autotuning/instrument-server/runtime/internal/config/loader.go:65.2,66.16 2 1
github.com/falcon-autotuning/instrument-server/runtime/internal/config/loader.go:67.3,68.1 1 0
github.com/falcon-autotuning/instrument-server/runtime/internal/config/loader.go:70.2,71.16 2 1
github.com/falcon-autotuning/instrument-server/runtime/internal/config/loader.go:72.3,73.1 1 0
github.com/falcon-autotuning/instrument-server/runtime/internal/config/loader.go:75.2,76.16 2 1
github.com/falcon-autotuning/instrument-server/runtime/internal/config/loader.go:77.3,78.1 1 0
github.com/falcon-autotuning/instrument-server/runtime/internal/config/loader.go:80.2,81.16 2 1
github.com/falcon-autotuning/instrument-server/runtime/internal/config/loader.go:82.3,83.1 1 0
github.com/falcon-autotuning/instrument-server/runtime/internal/config/loader.go:86.2,87.1 2 1
github.com/falcon-autotuning/instrument-server/runtime/internal/config/loader.go:88.2,88.39 2 1
github.com/falcon-autotuning/instrument-server/runtime/internal/config/loader.go:89.3,90.17 2 1
github.com/falcon-autotuning/instrument-server/runtime/internal/config/loader.go:91.4,92.1 1 0
github.com/falcon-autotuning/instrument-server/runtime/internal/config/loader.go:94.3,94.21 1 1
github.com/falcon-autotuning/instrument-server/runtime/internal/config/loader.go:98.2,98.34 1 1
github.com/falcon-autotuning/instrument-server/runtime/internal/config/loader.go:99.3,100.1 3 1
github.com/falcon-autotuning/instrument-server/runtime/internal/config/loader.go:101.3,102.10 3 1
github.com/falcon-autotuning/instrument-server/runtime/internal/config/loader.go:103.4,107.1 1 1
github.com/falcon-autotuning/instrument-server/runtime/internal/config/loader.go:109.3,109.20 1 1
github.com/falcon-autotuning/instrument-server/runtime/internal/config/loader.go:112.2,112.22 1 1
github.com/falcon-autotuning/instrument-server/runtime/internal/config/loader.go:116.2,117.16 2 1
github.com/falcon-autotuning/instrument-server/runtime/internal/config/loader.go:118.3,119.1 1 0
github.com/falcon-autotuning/instrument-server/runtime/internal/config/loader.go:121.2,121.22 1 1
