mode: set
github.com/falcon-autotuning/instrument-server/runtime/internal/interpreter/dispatcher.go:54.2,57.1 1 1
github.com/falcon-autotuning/instrument-server/runtime/internal/interpreter/dispatcher.go:70.2,70.33 1 1
github.com/falcon-autotuning/instrument-server/runtime/internal/interpreter/dispatcher.go:73.3,73.44 1 1
github.com/falcon-autotuning/instrument-server/runtime/internal/interpreter/dispatcher.go:76.3,76.30 1 1
github.com/falcon-autotuning/instrument-server/runtime/internal/interpreter/dispatcher.go:77.4,77.60 1 1
github.com/falcon-autotuning/instrument-server/runtime/internal/interpreter/dispatcher.go:78.5,79.1 1 0
github.com/falcon-autotuning/instrument-server/runtime/internal/interpreter/dispatcher.go:81.3,81.13 1 1
github.com/falcon-autotuning/instrument-server/runtime/internal/interpreter/dispatcher.go:84.3,84.13 1 0
github.com/falcon-autotuning/instrument-server/runtime/internal/interpreter/dispatcher.go:98.2,102.1 3 1
github.com/falcon-autotuning/instrument-server/runtime/internal/interpreter/dispatcher.go:103.2,107.16 3 1
github.com/falcon-autotuning/instrument-server/runtime/internal/interpreter/dispatcher.go:108.3,113.1 1 1
github.com/falcon-autotuning/instrument-server/runtime/internal/interpreter/dispatcher.go:115.2,115.31 1 1
github.com/falcon-autotuning/instrument-server/runtime/internal/interpreter/dispatcher.go:116.3,116.35 1 1
github.com/falcon-autotuning/instrument-server/runtime/internal/interpreter/dispatcher.go:117.4,117.55 1 1
github.com/falcon-autotuning/instrument-server/runtime/internal/interpreter/dispatcher.go:118.5,119.1 1 1
github.com/falcon-autotuning/instrument-server/runtime/internal/interpreter/dispatcher.go:123.2,123.21 1 1
github.com/falcon-autotuning/instrument-server/runtime/internal/interpreter/dispatcher.go:135.2,136.1 2 1
github.com/falcon-autotuning/instrument-server/runtime/internal/interpreter/dispatcher.go:137.2,141.1 2 1
github.com/falcon-autotuning/instrument-server/runtime/internal/interpreter/dispatcher.go:196.2,200.1 1 1
github.com/falcon-autotuning/instrument-server/runtime/internal/interpreter/dispatcher.go:218.2,218.33 1 0
github.com/falcon-autotuning/instrument-server/runtime/internal/interpreter/dispatcher.go:221.3,224.4 1 0
github.com/falcon-autotuning/instrument-server/runtime/internal/interpreter/dispatcher.go:227.3,227.30 1 0
github.com/falcon-autotuning/instrument-server/runtime/internal/interpreter/dispatcher.go:228.4,231.18 1 0
github.com/falcon-autotuning/instrument-server/runtime/internal/interpreter/dispatcher.go:232.5,233.1 1 0
github.com/falcon-autotuning/instrument-server/runtime/internal/interpreter/dispatcher.go:237.2,237.12 1 0
github.com/falcon-autotuning/instrument-server/runtime/internal/interpreter/dispatcher.go:256.2,260.1 1 1
github.com/falcon-autotuning/instrument-server/runtime/internal/interpreter/dispatcher.go:270.2,274.1 1 1
github.com/falcon-autotuning/instrument-server/runtime/internal/interpreter/dispatcher.go:286.2,290.1 1 1
github.com/falcon-autotuning/instrument-server/runtime/internal/interpreter/dispatcher.go:303.2,304.1 4 1
github.com/falcon-autotuning/instrument-server/runtime/internal/interpreter/dispatcher.go:305.2,309.1 4 1
github.com/falcon-autotuning/instrument-server/runtime/internal/interpreter/dispatcher.go:310.2,314.16 4 1
github.com/falcon-autotuning/instrument-server/runtime/internal/interpreter/dispatcher.go:315.3,318.1 1 1
github.com/falcon-autotuning/instrument-server/runtime/internal/interpreter/dispatcher.go:321.2,324.1 1 1
github.com/falcon-autotuning/instrument-server/runtime/internal/interpreter/dispatcher.go:347.2,351.1 3 1
github.com/falcon-autotuning/instrument-server/runtime/internal/interpreter/dispatcher.go:352.2,353.1 3 1
github.com/falcon-autotuning/instrument-server/runtime/internal/interpreter/dispatcher.go:354.2,354.31 3 1
github.com/falcon-autotuning/instrument-server/runtime/internal/interpreter/dispatcher.go:355.3,356.1 2 1
github.com/falcon-autotuning/instrument-server/runtime/internal/interpreter/dispatcher.go:357.3,360.5 2 1
github.com/falcon-autotuning/instrument-server/runtime/internal/interpreter/dispatcher.go:361.4,362.1 3 1
github.com/falcon-autotuning/instrument-server/runtime/internal/interpreter/dispatcher.go:363.4,364.1 3 1
github.com/falcon-autotuning/instrument-server/runtime/internal/interpreter/dispatcher.go:365.4,370.1 3 1
github.com/falcon-autotuning/instrument-server/runtime/internal/interpreter/dispatcher.go:373.2,374.1 2 1
github.com/falcon-autotuning/instrument-server/runtime/internal/interpreter/dispatcher.go:375.2,375.16 2 1
github.com/falcon-autotuning/instrument-server/runtime/internal/interpreter/falcon_core.go:50.2,51.1 1 0
github.com/falcon-autotuning/instrument-server/runtime/internal/interpreter/falcon_core.go:55.2,56.1 1 0
github.com/falcon-autotuning/instrument-server/runtime/internal/interpreter/falcon_core.go:72.2,73.16 2 0
github.com/falcon-autotuning/instrument-server/runtime/internal/interpreter/falcon_core.go:74.3,75.1 1 0
github.com/falcon-autotuning/instrument-server/runtime/internal/interpreter/falcon_core.go:77.2,77.55 1 0
github.com/falcon-autotuning/instrument-server/runtime/internal/interpreter/falcon_core.go:83.2,83.21 1 0
github.com/falcon-autotuning/instrument-server/runtime/internal/interpreter/falcon_core.go:84.3,85.1 1 0
github.com/falcon-autotuning/instrument-server/runtime/internal/interpreter/falcon_core.go:86.2,86.12 1 0
github.com/falcon-autotuning/instrument-server/runtime/internal/interpreter/falcon_core.go:91.2,92.1 1 0
github.com/falcon-autotuning/instrument-server/runtime/internal/interpreter/falcon_core.go:96.2,96.21 1 0
github.com/falcon-autotuning/instrument-server/runtime/internal/interpreter/falcon_core.go:97.3,98.1 1 0
github.com/falcon-autotuning/instrument-server/runtime/internal/interpreter/falcon_core.go:99.2,99.26 1 0
github.com/falcon-autotuning/instrument-server/runtime/internal/interpreter/falcon_core.go:104.2,104.21 1 0
github.com/falcon-autotuning/instrument-server/runtime/internal/interpreter/falcon_core.go:105.3,106.1 1 0
github.com/falcon-autotuning/instrument-server/runtime/internal/interpreter/falcon_core.go:107.2,107.27 1 0
github.com/falcon-autotuning/instrument-server/runtime/internal/interpreter/falcon_core.go:112.2,112.21 1 0
github.com/falcon-autotuning/instrument-server/runtime/internal/interpreter/falcon_core.go:113.3,114.1 1 0
github.com/falcon-autotuning/instrument-server/runtime/internal/interpreter/falcon_core.go:115.2,115.35 1 0
github.com/falcon-autotuning/instrument-server/runtime/internal/interpreter/falcon_core.go:121.2,121.21 1 0
github.com/falcon-autotuning/instrument-server/runtime/internal/interpreter/falcon_core.go:122.3,123.1 1 0
github.com/falcon-autotuning/instrument-server/runtime/internal/interpreter/falcon_core.go:124.2,125.36 2 0
github.com/falcon-autotuning/instrument-server/runtime/internal/interpreter/falcon_core.go:126.3,127.1 1 0
github.com/falcon-autotuning/instrument-server/runtime/internal/interpreter/falcon_core.go:128.2,129.1 3 0
github.com/falcon-autotuning/instrument-server/runtime/internal/interpreter/falcon_core.go:130.2,131.29 3 0
github.com/falcon-autotuning/instrument-server/runtime/internal/interpreter/falcon_core.go:132.3,133.1 1 0
github.com/falcon-autotuning/instrument-server/runtime/internal/interpreter/falcon_core.go:135.2,136.29 2 0
github.com/falcon-autotuning/instrument-server/runtime/internal/interpreter/falcon_core.go:137.3,138.1 1 0
github.com/falcon-autotuning/instrument-server/runtime/internal/interpreter/falcon_core.go:139.2,140.1 3 0
github.com/falcon-autotuning/instrument-server/runtime/internal/interpreter/falcon_core.go:142.2,143.28 3 0
github.com/falcon-autotuning/instrument-server/runtime/internal/interpreter/falcon_core.go:144.3,145.1 1 0
github.com/falcon-autotuning/instrument-server/runtime/internal/interpreter/falcon_core.go:147.2,148.57 2 0
github.com/falcon-autotuning/instrument-server/runtime/internal/interpreter/falcon_core.go:149.3,150.1 1 0
github.com/falcon-autotuning/instrument-server/runtime/internal/interpreter/falcon_core.go:151.2,151.58 1 0
github.com/falcon-autotuning/instrument-server/runtime/internal/interpreter/falcon_core.go:152.3,152.28 1 0
github.com/falcon-autotuning/instrument-server/runtime/internal/interpreter/falcon_core.go:153.4,153.25 1 0
github.com/falcon-autotuning/instrument-server/runtime/internal/interpreter/falcon_core.go:155.5,155.19 1 0
github.com/falcon-autotuning/instrument-server/runtime/internal/interpreter/falcon_core.go:156.6,157.1 1 0
github.com/falcon-autotuning/instrument-server/runtime/internal/interpreter/falcon_core.go:159.5,159.14 1 0
github.com/falcon-autotuning/instrument-server/runtime/internal/interpreter/falcon_core.go:160.6,161.1 1 0
github.com/falcon-autotuning/instrument-server/runtime/internal/interpreter/falcon_core.go:165.2,165.17 1 0
github.com/falcon-autotuning/instrument-server/runtime/internal/interpreter/falcon_core.go:183.2,183.21 1 0
github.com/falcon-autotuning/instrument-server/runtime/internal/interpreter/falcon_core.go:184.3,185.1 1 0
github.com/falcon-autotuning/instrument-server/runtime/internal/interpreter/falcon_core.go:187.2,188.16 2 0
github.com/falcon-autotuning/instrument-server/runtime/internal/interpreter/falcon_core.go:189.3,190.1 1 0
github.com/falcon-autotuning/instrument-server/runtime/internal/interpreter/falcon_core.go:191.2,192.1 2 0
github.com/falcon-autotuning/instrument-server/runtime/internal/interpreter/falcon_core.go:193.2,193.54 2 0
github.com/falcon-autotuning/instrument-server/runtime/internal/interpreter/falcon_core.go:199.2,199.21 1 0
github.com/falcon-autotuning/instrument-server/runtime/internal/interpreter/falcon_core.go:200.3,201.1 1 0
github.com/falcon-autotuning/instrument-server/runtime/internal/interpreter/falcon_core.go:203.2,204.16 2 0
github.com/falcon-autotuning/instrument-server/runtime/internal/interpreter/falcon_core.go:205.3,206.1 1 0
github.com/falcon-autotuning/instrument-server/runtime/internal/interpreter/falcon_core.go:207.2,208.1 2 0
github.com/falcon-autotuning/instrument-server/runtime/internal/interpreter/falcon_core.go:209.2,209.60 2 0
github.com/falcon-autotuning/instrument-server/runtime/internal/interpreter/falcon_core.go:214.2,215.16 2 0
github.com/falcon-autotuning/instrument-server/runtime/internal/interpreter/falcon_core.go:216.3,217.1 1 0
github.com/falcon-autotuning/instrument-server/runtime/internal/interpreter/falcon_core.go:219.2,220.1 2 0
github.com/falcon-autotuning/instrument-server/runtime/internal/interpreter/falcon_core.go:221.2,221.36 2 0
github.com/falcon-autotuning/instrument-server/runtime/internal/interpreter/falcon_core.go:222.3,223.17 2 0
github.com/falcon-autotuning/instrument-server/runtime/internal/interpreter/falcon_core.go:224.4,225.1 1 0
github.com/falcon-autotuning/instrument-server/runtime/internal/interpreter/falcon_core.go:227.3,229.17 3 0
github.com/falcon-autotuning/instrument-server/runtime/internal/interpreter/falcon_core.go:230.4,231.1 1 0
github.com/falcon-autotuning/instrument-server/runtime/internal/interpreter/falcon_core.go:233.3,233.34 1 0
github.com/falcon-autotuning/instrument-server/runtime/internal/interpreter/falcon_core.go:236.2,236.21 1 0
github.com/falcon-autotuning/instrument-server/runtime/internal/interpreter/falcon_core.go:241.2,242.16 2 0
github.com/falcon-autotuning/instrument-server/runtime/internal/interpreter/falcon_core.go:243.3,244.1 1 0
github.com/falcon-autotuning/instrument-server/runtime/internal/interpreter/falcon_core.go:246.2,248.1 3 0
github.com/falcon-autotuning/instrument-server/runtime/internal/interpreter/falcon_core.go:249.2,249.36 3 0
github.com/falcon-autotuning/instrument-server/runtime/internal/interpreter/falcon_core.go:250.3,251.17 2 0
github.com/falcon-autotuning/instrument-server/runtime/internal/interpreter/falcon_core.go:252.4,253.1 1 0
github.com/falcon-autotuning/instrument-server/runtime/internal/interpreter/falcon_core.go:255.3,257.17 3 0
github.com/falcon-autotuning/instrument-server/runtime/internal/interpreter/falcon_core.go:258.4,259.1 1 0
github.com/falcon-autotuning/instrument-server/runtime/internal/interpreter/falcon_core.go:261.3,261.32 1 0
github.com/falcon-autotuning/instrument-server/runtime/internal/interpreter/falcon_core.go:262.4,263.17 2 0
github.com/falcon-autotuning/instrument-server/runtime/internal/interpreter/falcon_core.go:264.5,265.1 1 0
github.com/falcon-autotuning/instrument-server/runtime/internal/interpreter/falcon_core.go:266.4,266.17 1 0
github.com/falcon-autotuning/instrument-server/runtime/internal/interpreter/falcon_core.go:267.5,268.1 1 0
github.com/falcon-autotuning/instrument-server/runtime/internal/interpreter/falcon_core.go:269.4,269.23 1 0
github.com/falcon-autotuning/instrument-server/runtime/internal/interpreter/falcon_core.go:270.5,272.1 2 0
github.com/falcon-autotuning/instrument-server/runtime/internal/interpreter/falcon_core.go:276.2,276.21 1 0
github.com/falcon-autotuning/instrument-server/runtime/internal/interpreter/falcon_core.go:281.2,282.16 2 0
github.com/falcon-autotuning/instrument-server/runtime/internal/interpreter/falcon_core.go:283.3,284.1 1 0
github.com/falcon-autotuning/instrument-server/runtime/internal/interpreter/falcon_core.go:285.2,286.1 2 0
github.com/falcon-autotuning/instrument-server/runtime/internal/interpreter/falcon_core.go:287.2,287.69 2 0
github.com/falcon-autotuning/instrument-server/runtime/internal/interpreter/falcon_core.go:292.2,293.16 2 0
github.com/falcon-autotuning/instrument-server/runtime/internal/interpreter/falcon_core.go:294.3,295.1 1 0
github.com/falcon-autotuning/instrument-server/runtime/internal/interpreter/falcon_core.go:297.2,298.1 2 0
github.com/falcon-autotuning/instrument-server/runtime/internal/interpreter/falcon_core.go:299.2,299.36 2 0
github.com/falcon-autotuning/instrument-server/runtime/internal/interpreter/falcon_core.go:300.3,301.17 2 0
github.com/falcon-autotuning/instrument-server/runtime/internal/interpreter/falcon_core.go:302.4,303.1 1 0
github.com/falcon-autotuning/instrument-server/runtime/internal/interpreter/falcon_core.go:305.3,307.17 3 0
github.com/falcon-autotuning/instrument-server/runtime/internal/interpreter/falcon_core.go:309.4,309.12 1 0
github.com/falcon-autotuning/instrument-server/runtime/internal/interpreter/falcon_core.go:312.3,312.34 1 0
github.com/falcon-autotuning/instrument-server/runtime/internal/interpreter/falcon_core.go:315.2,315.21 1 0
github.com/falcon-autotuning/instrument-server/runtime/internal/interpreter/falcon_core.go:320.2,321.16 2 0
github.com/falcon-autotuning/instrument-server/runtime/internal/interpreter/falcon_core.go:322.3,323.1 1 0
github.com/falcon-autotuning/instrument-server/runtime/internal/interpreter/falcon_core.go:324.2,325.1 2 0
github.com/falcon-autotuning/instrument-server/runtime/internal/interpreter/falcon_core.go:326.2,326.50 2 0
github.com/falcon-autotuning/instrument-server/runtime/internal/interpreter/falcon_core.go:331.2,332.1 3 0
github.com/falcon-autotuning/instrument-server/runtime/internal/interpreter/falcon_core.go:333.2,334.16 3 0
github.com/falcon-autotuning/instrument-server/runtime/internal/interpreter/falcon_core.go:335.3,336.1 1 0
github.com/falcon-autotuning/instrument-server/runtime/internal/interpreter/falcon_core.go:338.2,339.16 2 0
github.com/falcon-autotuning/instrument-server/runtime/internal/interpreter/falcon_core.go:340.3,341.1 1 0
github.com/falcon-autotuning/instrument-server/runtime/internal/interpreter/falcon_core.go:342.2,343.1 3 0
github.com/falcon-autotuning/instrument-server/runtime/internal/interpreter/falcon_core.go:344.2,345.16 3 0
github.com/falcon-autotuning/instrument-server/runtime/internal/interpreter/falcon_core.go:346.3,347.1 1 0
github.com/falcon-autotuning/instrument-server/runtime/internal/interpreter/falcon_core.go:348.2,349.1 3 0
github.com/falcon-autotuning/instrument-server/runtime/internal/interpreter/falcon_core.go:350.2,351.16 3 0
github.com/falcon-autotuning/instrument-server/runtime/internal/interpreter/falcon_core.go:352.3,353.1 1 0
github.com/falcon-autotuning/instrument-server/runtime/internal/interpreter/falcon_core.go:354.2,355.1 3 0
github.com/falcon-autotuning/instrument-server/runtime/internal/interpreter/falcon_core.go:356.2,357.16 3 0
github.com/falcon-autotuning/instrument-server/runtime/internal/interpreter/falcon_core.go:358.3,359.1 1 0
github.com/falcon-autotuning/instrument-server/runtime/internal/interpreter/falcon_core.go:360.2,361.1 3 0
github.com/falcon-autotuning/instrument-server/runtime/internal/interpreter/falcon_core.go:362.2,363.16 3 0
github.com/falcon-autotuning/instrument-server/runtime/internal/interpreter/falcon_core.go:364.3,365.1 1 0
github.com/falcon-autotuning/instrument-server/runtime/internal/interpreter/falcon_core.go:366.2,367.1 3 0
github.com/falcon-autotuning/instrument-server/runtime/internal/interpreter/falcon_core.go:368.2,369.16 3 0
github.com/falcon-autotuning/instrument-server/runtime/internal/interpreter/falcon_core.go:371.3,372.1 1 0
github.com/falcon-autotuning/instrument-server/runtime/internal/interpreter/falcon_core.go:373.3,374.1 1 0
github.com/falcon-autotuning/instrument-server/runtime/internal/interpreter/falcon_core.go:376.2,377.16 2 0
github.com/falcon-autotuning/instrument-server/runtime/internal/interpreter/falcon_core.go:378.3,381.1 3 0
github.com/falcon-autotuning/instrument-server/runtime/internal/interpreter/falcon_core.go:383.2,384.16 2 0
github.com/falcon-autotuning/instrument-server/runtime/internal/interpreter/falcon_core.go:385.3,388.1 3 0
github.com/falcon-autotuning/instrument-server/runtime/internal/interpreter/falcon_core.go:390.2,390.18 1 0
github.com/falcon-autotuning/instrument-server/runtime/internal/interpreter/falcon_core.go:400.2,401.16 2 0
github.com/falcon-autotuning/instrument-server/runtime/internal/interpreter/falcon_core.go:402.3,403.1 1 0
github.com/falcon-autotuning/instrument-server/runtime/internal/interpreter/falcon_core.go:405.2,405.56 1 0
github.com/falcon-autotuning/instrument-server/runtime/internal/interpreter/falcon_core.go:410.2,410.21 1 0
github.com/falcon-autotuning/instrument-server/runtime/internal/interpreter/falcon_core.go:411.3,412.1 1 0
github.com/falcon-autotuning/instrument-server/runtime/internal/interpreter/falcon_core.go:413.2,413.12 1 0
github.com/falcon-autotuning/instrument-server/runtime/internal/interpreter/falcon_core.go:418.2,419.1 1 0
github.com/falcon-autotuning/instrument-server/runtime/internal/interpreter/falcon_core.go:423.2,423.21 1 0
github.com/falcon-autotuning/instrument-server/runtime/internal/interpreter/falcon_core.go:424.3,425.1 1 0
github.com/falcon-autotuning/instrument-server/runtime/internal/interpreter/falcon_core.go:426.2,426.26 1 0
github.com/falcon-autotuning/instrument-server/runtime/internal/interpreter/falcon_core.go:431.2,431.21 1 0
github.com/falcon-autotuning/instrument-server/runtime/internal/interpreter/falcon_core.go:432.3,433.1 1 0
github.com/falcon-autotuning/instrument-server/runtime/internal/interpreter/falcon_core.go:434.2,434.27 1 0
github.com/falcon-autotuning/instrument-server/runtime/internal/interpreter/falcon_core.go:441.2,441.37 1 0
github.com/falcon-autotuning/instrument-server/runtime/internal/interpreter/falcon_core.go:442.3,443.1 1 0
github.com/falcon-autotuning/instrument-server/runtime/internal/interpreter/falcon_core.go:446.2,447.16 2 0
github.com/falcon-autotuning/instrument-server/runtime/internal/interpreter/falcon_core.go:448.3,449.1 1 0
github.com/falcon-autotuning/instrument-server/runtime/internal/interpreter/falcon_core.go:450.2,451.1 3 0
github.com/falcon-autotuning/instrument-server/runtime/internal/interpreter/falcon_core.go:452.2,453.16 3 0
github.com/falcon-autotuning/instrument-server/runtime/internal/interpreter/falcon_core.go:454.3,455.1 1 0
github.com/falcon-autotuning/instrument-server/runtime/internal/interpreter/falcon_core.go:460.2,461.16 2 0
github.com/falcon-autotuning/instrument-server/runtime/internal/interpreter/falcon_core.go:462.3,463.1 1 0
github.com/falcon-autotuning/instrument-server/runtime/internal/interpreter/falcon_core.go:465.2,466.16 2 0
github.com/falcon-autotuning/instrument-server/runtime/internal/interpreter/falcon_core.go:467.3,468.1 1 0
github.com/falcon-autotuning/instrument-server/runtime/internal/interpreter/falcon_core.go:470.2,470.35 1 0
github.com/falcon-autotuning/instrument-server/runtime/internal/interpreter/falcon_core.go:477.2,481.15 2 0
github.com/falcon-autotuning/instrument-server/runtime/internal/interpreter/falcon_core.go:482.3,483.1 1 0
github.com/falcon-autotuning/instrument-server/runtime/internal/interpreter/falcon_core.go:486.2,487.15 2 0
github.com/falcon-autotuning/instrument-server/runtime/internal/interpreter/falcon_core.go:488.3,489.1 1 0
github.com/falcon-autotuning/instrument-server/runtime/internal/interpreter/falcon_core.go:492.2,498.37 3 0
github.com/falcon-autotuning/instrument-server/runtime/internal/interpreter/falcon_core.go:499.3,500.1 1 0
github.com/falcon-autotuning/instrument-server/runtime/internal/interpreter/falcon_core.go:503.2,510.54 4 0
github.com/falcon-autotuning/instrument-server/runtime/internal/interpreter/falcon_core.go:511.3,513.1 2 0
github.com/falcon-autotuning/instrument-server/runtime/internal/interpreter/falcon_core.go:515.2,517.33 3 0
github.com/falcon-autotuning/instrument-server/runtime/internal/interpreter/falcon_core.go:518.3,521.1 3 0
github.com/falcon-autotuning/instrument-server/runtime/internal/interpreter/falcon_core.go:523.2,528.8 1 0
github.com/falcon-autotuning/instrument-server/runtime/internal/interpreter/falcon_core.go:535.2,536.65 2 0
github.com/falcon-autotuning/instrument-server/runtime/internal/interpreter/falcon_core.go:537.3,538.1 1 0
github.com/falcon-autotuning/instrument-server/runtime/internal/interpreter/falcon_core.go:539.2,539.49 1 0
github.com/falcon-autotuning/instrument-server/runtime/internal/interpreter/falcon_core.go:545.2,545.37 1 0
github.com/falcon-autotuning/instrument-server/runtime/internal/interpreter/falcon_core.go:546.3,547.1 1 0
github.com/falcon-autotuning/instrument-server/runtime/internal/interpreter/falcon_core.go:548.2,549.16 2 0
github.com/falcon-autotuning/instrument-server/runtime/internal/interpreter/falcon_core.go:550.3,551.1 1 0
github.com/falcon-autotuning/instrument-server/runtime/internal/interpreter/falcon_core.go:552.2,553.65 2 0
github.com/falcon-autotuning/instrument-server/runtime/internal/interpreter/falcon_core.go:554.3,555.1 1 0
github.com/falcon-autotuning/instrument-server/runtime/internal/interpreter/falcon_core.go:556.2,556.55 1 0
github.com/falcon-autotuning/instrument-server/runtime/internal/interpreter/falcon_core.go:561.2,562.16 2 0
github.com/falcon-autotuning/instrument-server/runtime/internal/interpreter/falcon_core.go:563.3,564.1 1 0
github.com/falcon-autotuning/instrument-server/runtime/internal/interpreter/falcon_core.go:566.2,567.36 2 0
github.com/falcon-autotuning/instrument-server/runtime/internal/interpreter/falcon_core.go:568.3,569.17 2 0
github.com/falcon-autotuning/instrument-server/runtime/internal/interpreter/falcon_core.go:570.4,570.12 1 0
github.com/falcon-autotuning/instrument-server/runtime/internal/interpreter/falcon_core.go:573.3,575.17 3 0
github.com/falcon-autotuning/instrument-server/runtime/internal/interpreter/falcon_core.go:576.4,576.12 1 0
github.com/falcon-autotuning/instrument-server/runtime/internal/interpreter/falcon_core.go:579.3,579.60 1 0
github.com/falcon-autotuning/instrument-server/runtime/internal/interpreter/falcon_core.go:582.2,582.21 1 0
github.com/falcon-autotuning/instrument-server/runtime/internal/interpreter/falcon_core.go:588.2,589.33 2 0
github.com/falcon-autotuning/instrument-server/runtime/internal/interpreter/falcon_core.go:590.3,591.1 1 0
github.com/falcon-autotuning/instrument-server/runtime/internal/interpreter/falcon_core.go:592.2,593.16 2 0
github.com/falcon-autotuning/instrument-server/runtime/internal/interpreter/falcon_core.go:594.3,595.1 1 0
github.com/falcon-autotuning/instrument-server/runtime/internal/interpreter/falcon_core.go:596.2,597.1 3 0
github.com/falcon-autotuning/instrument-server/runtime/internal/interpreter/falcon_core.go:598.2,599.32 3 0
github.com/falcon-autotuning/instrument-server/runtime/internal/interpreter/falcon_core.go:600.3,601.1 1 0
github.com/falcon-autotuning/instrument-server/runtime/internal/interpreter/falcon_core.go:602.2,603.16 2 0
github.com/falcon-autotuning/instrument-server/runtime/internal/interpreter/falcon_core.go:604.3,605.1 1 0
github.com/falcon-autotuning/instrument-server/runtime/internal/interpreter/falcon_core.go:606.2,607.1 3 0
github.com/falcon-autotuning/instrument-server/runtime/internal/interpreter/falcon_core.go:608.2,609.16 3 0
github.com/falcon-autotuning/instrument-server/runtime/internal/interpreter/falcon_core.go:610.3,611.1 1 0
github.com/falcon-autotuning/instrument-server/runtime/internal/interpreter/falcon_core.go:612.2,613.16 2 0
github.com/falcon-autotuning/instrument-server/runtime/internal/interpreter/falcon_core.go:614.3,615.1 1 0
github.com/falcon-autotuning/instrument-server/runtime/internal/interpreter/falcon_core.go:616.2,616.46 1 0
github.com/falcon-autotuning/instrument-server/runtime/internal/interpreter/falcon_core.go:621.2,622.16 2 0
github.com/falcon-autotuning/instrument-server/runtime/internal/interpreter/falcon_core.go:623.3,624.1 1 0
github.com/falcon-autotuning/instrument-server/runtime/internal/interpreter/falcon_core.go:625.2,626.18 2 0
github.com/falcon-autotuning/instrument-server/runtime/internal/interpreter/falcon_core.go:633.2,634.16 2 0
github.com/falcon-autotuning/instrument-server/runtime/internal/interpreter/falcon_core.go:635.3,636.1 1 0
github.com/falcon-autotuning/instrument-server/runtime/internal/interpreter/falcon_core.go:638.2,638.15 1 0
github.com/falcon-autotuning/instrument-server/runtime/internal/interpreter/falcon_core.go:639.3,640.1 1 0
github.com/falcon-autotuning/instrument-server/runtime/internal/interpreter/falcon_core.go:642.2,643.16 2 0
github.com/falcon-autotuning/instrument-server/runtime/internal/interpreter/falcon_core.go:644.3,645.1 1 0
github.com/falcon-autotuning/instrument-server/runtime/internal/interpreter/falcon_core.go:646.2,647.1 3 0
github.com/falcon-autotuning/instrument-server/runtime/internal/interpreter/falcon_core.go:649.2,650.16 3 0
github.com/falcon-autotuning/instrument-server/runtime/internal/interpreter/falcon_core.go:651.3,652.1 1 0
github.com/falcon-autotuning/instrument-server/runtime/internal/interpreter/falcon_core.go:653.2,654.1 3 0
github.com/falcon-autotuning/instrument-server/runtime/internal/interpreter/falcon_core.go:655.2,656.16 3 0
github.com/falcon-autotuning/instrument-server/runtime/internal/interpreter/falcon_core.go:657.3,658.1 1 0
github.com/falcon-autotuning/instrument-server/runtime/internal/interpreter/falcon_core.go:661.2,662.16 2 0
github.com/falcon-autotuning/instrument-server/runtime/internal/interpreter/falcon_core.go:663.3,664.1 1 0
github.com/falcon-autotuning/instrument-server/runtime/internal/interpreter/falcon_core.go:665.2,666.1 3 0
github.com/falcon-autotuning/instrument-server/runtime/internal/interpreter/falcon_core.go:667.2,668.16 3 0
github.com/falcon-autotuning/instrument-server/runtime/internal/interpreter/falcon_core.go:669.3,670.1 1 0
github.com/falcon-autotuning/instrument-server/runtime/internal/interpreter/falcon_core.go:671.2,672.1 3 0
github.com/falcon-autotuning/instrument-server/runtime/internal/interpreter/falcon_core.go:673.2,674.39 3 0
github.com/falcon-autotuning/instrument-server/runtime/internal/interpreter/falcon_core.go:676.3,681.1 1 0
github.com/falcon-autotuning/instrument-server/runtime/internal/interpreter/falcon_core.go:684.2,685.16 2 0
github.com/falcon-autotuning/instrument-server/runtime/internal/interpreter/falcon_core.go:686.3,687.1 1 0
github.com/falcon-autotuning/instrument-server/runtime/internal/interpreter/falcon_core.go:688.2,689.1 3 0
github.com/falcon-autotuning/instrument-server/runtime/internal/interpreter/falcon_core.go:690.2,691.16 3 0
github.com/falcon-autotuning/instrument-server/runtime/internal/interpreter/falcon_core.go:692.3,693.1 1 0
github.com/falcon-autotuning/instrument-server/runtime/internal/interpreter/falcon_core.go:696.2,698.33 3 0
github.com/falcon-autotuning/instrument-server/runtime/internal/interpreter/falcon_core.go:699.3,702.1 3 0
github.com/falcon-autotuning/instrument-server/runtime/internal/interpreter/falcon_core.go:704.2,709.8 1 0
github.com/falcon-autotuning/instrument-server/runtime/internal/interpreter/falcon_core.go:714.2,715.16 2 0
github.com/falcon-autotuning/instrument-server/runtime/internal/interpreter/falcon_core.go:716.3,717.1 1 0
github.com/falcon-autotuning/instrument-server/runtime/internal/interpreter/falcon_core.go:721.2,722.1 2 0
github.com/falcon-autotuning/instrument-server/runtime/internal/interpreter/falcon_core.go:723.2,723.36 2 0
github.com/falcon-autotuning/instrument-server/runtime/internal/interpreter/falcon_core.go:724.3,725.17 2 0
github.com/falcon-autotuning/instrument-server/runtime/internal/interpreter/falcon_core.go:726.4,726.12 1 0
github.com/falcon-autotuning/instrument-server/runtime/internal/interpreter/falcon_core.go:729.3,730.17 2 0
github.com/falcon-autotuning/instrument-server/runtime/internal/interpreter/falcon_core.go:731.4,732.12 2 0
github.com/falcon-autotuning/instrument-server/runtime/internal/interpreter/falcon_core.go:735.3,738.17 4 0
github.com/falcon-autotuning/instrument-server/runtime/internal/interpreter/falcon_core.go:739.4,739.12 1 0
github.com/falcon-autotuning/instrument-server/runtime/internal/interpreter/falcon_core.go:743.3,746.1 2 0
github.com/falcon-autotuning/instrument-server/runtime/internal/interpreter/falcon_core.go:749.3,749.64 2 0
github.com/falcon-autotuning/instrument-server/runtime/internal/interpreter/falcon_core.go:752.2,752.25 1 0
github.com/falcon-autotuning/instrument-server/runtime/internal/interpreter/falcon_core.go:757.2,757.37 1 0
github.com/falcon-autotuning/instrument-server/runtime/internal/interpreter/falcon_core.go:758.3,759.1 1 0
github.com/falcon-autotuning/instrument-server/runtime/internal/interpreter/falcon_core.go:761.2,762.16 2 0
github.com/falcon-autotuning/instrument-server/runtime/internal/interpreter/falcon_core.go:763.3,764.1 1 0
github.com/falcon-autotuning/instrument-server/runtime/internal/interpreter/falcon_core.go:765.2,766.1 3 0
github.com/falcon-autotuning/instrument-server/runtime/internal/interpreter/falcon_core.go:767.2,768.16 3 0
github.com/falcon-autotuning/instrument-server/runtime/internal/interpreter/falcon_core.go:769.3,770.1 1 0
github.com/falcon-autotuning/instrument-server/runtime/internal/interpreter/falcon_core.go:772.2,773.36 2 0
github.com/falcon-autotuning/instrument-server/runtime/internal/interpreter/falcon_core.go:774.3,775.17 2 0
github.com/falcon-autotuning/instrument-server/runtime/internal/interpreter/falcon_core.go:776.4,776.12 1 0
github.com/falcon-autotuning/instrument-server/runtime/internal/interpreter/falcon_core.go:779.3,781.17 3 0
github.com/falcon-autotuning/instrument-server/runtime/internal/interpreter/falcon_core.go:782.4,782.12 1 0
github.com/falcon-autotuning/instrument-server/runtime/internal/interpreter/falcon_core.go:785.3,785.32 1 0
github.com/falcon-autotuning/instrument-server/runtime/internal/interpreter/falcon_core.go:788.2,788.20 1 0
github.com/falcon-autotuning/instrument-server/runtime/internal/interpreter/falcon_core.go:793.2,793.37 1 0
github.com/falcon-autotuning/instrument-server/runtime/internal/interpreter/falcon_core.go:794.3,795.1 1 0
github.com/falcon-autotuning/instrument-server/runtime/internal/interpreter/falcon_core.go:797.2,798.16 2 0
github.com/falcon-autotuning/instrument-server/runtime/internal/interpreter/falcon_core.go:799.3,800.1 1 0
github.com/falcon-autotuning/instrument-server/runtime/internal/interpreter/falcon_core.go:801.2,802.1 5 0
github.com/falcon-autotuning/instrument-server/runtime/internal/interpreter/falcon_core.go:803.2,805.1 5 0
github.com/falcon-autotuning/instrument-server/runtime/internal/interpreter/falcon_core.go:806.2,807.16 5 0
github.com/falcon-autotuning/instrument-server/runtime/internal/interpreter/falcon_core.go:808.3,809.1 1 0
github.com/falcon-autotuning/instrument-server/runtime/internal/interpreter/falcon_core.go:811.2,811.36 1 0
github.com/falcon-autotuning/instrument-server/runtime/internal/interpreter/falcon_core.go:812.3,813.17 2 0
github.com/falcon-autotuning/instrument-server/runtime/internal/interpreter/falcon_core.go:814.4,814.12 1 0
github.com/falcon-autotuning/instrument-server/runtime/internal/interpreter/falcon_core.go:817.3,819.17 3 0
github.com/falcon-autotuning/instrument-server/runtime/internal/interpreter/falcon_core.go:820.4,820.12 1 0
github.com/falcon-autotuning/instrument-server/runtime/internal/interpreter/falcon_core.go:823.3,824.17 2 0
github.com/falcon-autotuning/instrument-server/runtime/internal/interpreter/falcon_core.go:825.4,826.12 2 0
github.com/falcon-autotuning/instrument-server/runtime/internal/interpreter/falcon_core.go:829.3,829.38 1 0
github.com/falcon-autotuning/instrument-server/runtime/internal/interpreter/falcon_core.go:830.4,831.18 2 0
github.com/falcon-autotuning/instrument-server/runtime/internal/interpreter/falcon_core.go:832.5,832.13 1 0
github.com/falcon-autotuning/instrument-server/runtime/internal/interpreter/falcon_core.go:835.4,837.18 3 0
github.com/falcon-autotuning/instrument-server/runtime/internal/interpreter/falcon_core.go:838.5,838.13 1 0
github.com/falcon-autotuning/instrument-server/runtime/internal/interpreter/falcon_core.go:841.4,843.18 3 0
github.com/falcon-autotuning/instrument-server/runtime/internal/interpreter/falcon_core.go:844.5,844.13 1 0
github.com/falcon-autotuning/instrument-server/runtime/internal/interpreter/falcon_core.go:847.4,847.23 1 0
github.com/falcon-autotuning/instrument-server/runtime/internal/interpreter/falcon_core.go:848.5,850.1 2 0
github.com/falcon-autotuning/instrument-server/runtime/internal/interpreter/falcon_core.go:853.3,853.27 1 0
github.com/falcon-autotuning/instrument-server/runtime/internal/interpreter/falcon_core.go:856.2,856.20 1 0
github.com/falcon-autotuning/instrument-server/runtime/internal/interpreter/router.go:82.2,91.1 1 0
github.com/falcon-autotuning/instrument-server/runtime/internal/interpreter/router.go:106.2,106.37 1 1
github.com/falcon-autotuning/instrument-server/runtime/internal/interpreter/router.go:107.3,108.17 2 1
github.com/falcon-autotuning/instrument-server/runtime/internal/interpreter/router.go:109.4,114.1 1 1
github.com/falcon-autotuning/instrument-server/runtime/internal/interpreter/router.go:115.3,115.11 1 1
github.com/falcon-autotuning/instrument-server/runtime/internal/interpreter/router.go:116.4,120.1 1 1
github.com/falcon-autotuning/instrument-server/runtime/internal/interpreter/router.go:123.2,125.3 1 1
github.com/falcon-autotuning/instrument-server/runtime/internal/interpreter/waveform_json_utils.go:6.2,6.25 1 0
github.com/falcon-autotuning/instrument-server/runtime/internal/interpreter/waveform_json_utils.go:7.3,7.17 1 0
github.com/falcon-autotuning/instrument-server/runtime/internal/interpreter/waveform_json_utils.go:8.4,9.1 1 0
github.com/falcon-autotuning/instrument-server/runtime/internal/interpreter/waveform_json_utils.go:10.3,10.26 1 0
github.com/falcon-autotuning/instrument-server/runtime/internal/interpreter/waveform_json_utils.go:12.4,13.11 2 0
github.com/falcon-autotuning/instrument-server/runtime/internal/interpreter/waveform_json_utils.go:14.5,15.1 1 0
github.com/falcon-autotuning/instrument-server/runtime/internal/interpreter/waveform_json_utils.go:16.4,16.16 1 0
github.com/falcon-autotuning/instrument-server/runtime/internal/interpreter/waveform_json_utils.go:18.4,19.30 2 0
github.com/falcon-autotuning/instrument-server/runtime/internal/interpreter/waveform_json_utils.go:20.5,21.1 1 0
github.com/falcon-autotuning/instrument-server/runtime/internal/interpreter/waveform_json_utils.go:22.4,22.18 1 0
github.com/falcon-autotuning/instrument-server/runtime/internal/interpreter/waveform_json_utils.go:25.2,25.12 1 0
github.com/falcon-autotuning/instrument-server/runtime/internal/interpreter/waveform_json_utils.go:30.2,30.25 1 0
github.com/falcon-autotuning/instrument-server/runtime/internal/interpreter/waveform_json_utils.go:32.3,32.13 1 0
github.com/falcon-autotuning/instrument-server/runtime/internal/interpreter/waveform_json_utils.go:34.3,34.22 1 0
github.com/falcon-autotuning/instrument-server/runtime/internal/interpreter/waveform_json_utils.go:36.3,36.22 1 0
github.com/falcon-autotuning/instrument-server/runtime/internal/interpreter/waveform_json_utils.go:38.3,38.11 1 0
github.com/falcon-autotuning/instrument-server/runtime/internal/interpreter/waveform_json_utils.go:44.2,49.1 1 0
